0 info it worked if it ends with ok
1 verbose cli [ 'D:\\Programme\\iojs\\node.exe',
1 verbose cli   'D:\\Programme\\iojs\\node_modules\\npm\\bin\\npm-cli.js',
1 verbose cli   'install' ]
2 info using npm@2.7.5
3 info using node@v1.6.4
4 warn package.json yaap-wire@0.1.4 No README data
5 verbose install where, deps [ 'd:\\Programmierung\\JavaScript\\yaap\\yaap-wire',
5 verbose install   [ 'PanPG', 'underscore', 'yaap', 'wire', 'nodeunit' ] ]
6 verbose install where, peers [ 'd:\\Programmierung\\JavaScript\\yaap\\yaap-wire', [] ]
7 info preinstall yaap-wire@0.1.4
8 silly cache add args [ 'nodeunit@0.9.1', null ]
9 verbose cache add spec nodeunit@0.9.1
10 silly cache add parsed spec { raw: 'nodeunit@0.9.1',
10 silly cache add   scope: null,
10 silly cache add   name: 'nodeunit',
10 silly cache add   rawSpec: '0.9.1',
10 silly cache add   spec: '0.9.1',
10 silly cache add   type: 'version' }
11 verbose addNamed nodeunit@0.9.1
12 silly addNamed semver.valid 0.9.1
13 silly addNamed semver.validRange 0.9.1
14 silly mapToRegistry name nodeunit
15 silly mapToRegistry using default registry
16 silly mapToRegistry registry https://registry.npmjs.org/
17 silly mapToRegistry uri https://registry.npmjs.org/nodeunit
18 verbose addNameVersion registry:https://registry.npmjs.org/nodeunit not in flight; fetching
19 silly cache add args [ 'PanPG@0.0.9', null ]
20 verbose cache add spec PanPG@0.0.9
21 silly cache add parsed spec { raw: 'PanPG@0.0.9',
21 silly cache add   scope: null,
21 silly cache add   name: 'PanPG',
21 silly cache add   rawSpec: '0.0.9',
21 silly cache add   spec: '0.0.9',
21 silly cache add   type: 'version' }
22 verbose addNamed PanPG@0.0.9
23 silly addNamed semver.valid 0.0.9
24 silly addNamed semver.validRange 0.0.9
25 silly mapToRegistry name PanPG
26 silly mapToRegistry using default registry
27 silly mapToRegistry registry https://registry.npmjs.org/
28 silly mapToRegistry uri https://registry.npmjs.org/PanPG
29 verbose addNameVersion registry:https://registry.npmjs.org/PanPG not in flight; fetching
30 silly cache add args [ 'underscore@1.4.4', null ]
31 verbose cache add spec underscore@1.4.4
32 silly cache add parsed spec { raw: 'underscore@1.4.4',
32 silly cache add   scope: null,
32 silly cache add   name: 'underscore',
32 silly cache add   rawSpec: '1.4.4',
32 silly cache add   spec: '1.4.4',
32 silly cache add   type: 'version' }
33 verbose addNamed underscore@1.4.4
34 silly addNamed semver.valid 1.4.4
35 silly addNamed semver.validRange 1.4.4
36 silly mapToRegistry name underscore
37 silly mapToRegistry using default registry
38 silly mapToRegistry registry https://registry.npmjs.org/
39 silly mapToRegistry uri https://registry.npmjs.org/underscore
40 verbose addNameVersion registry:https://registry.npmjs.org/underscore not in flight; fetching
41 silly cache add args [ 'yaap@0.1.4', null ]
42 verbose cache add spec yaap@0.1.4
43 silly cache add parsed spec { raw: 'yaap@0.1.4',
43 silly cache add   scope: null,
43 silly cache add   name: 'yaap',
43 silly cache add   rawSpec: '0.1.4',
43 silly cache add   spec: '0.1.4',
43 silly cache add   type: 'version' }
44 verbose addNamed yaap@0.1.4
45 silly addNamed semver.valid 0.1.4
46 silly addNamed semver.validRange 0.1.4
47 silly mapToRegistry name yaap
48 silly mapToRegistry using default registry
49 silly mapToRegistry registry https://registry.npmjs.org/
50 silly mapToRegistry uri https://registry.npmjs.org/yaap
51 verbose addNameVersion registry:https://registry.npmjs.org/yaap not in flight; fetching
52 silly cache add args [ 'wire@0.10.0', null ]
53 verbose cache add spec wire@0.10.0
54 silly cache add parsed spec { raw: 'wire@0.10.0',
54 silly cache add   scope: null,
54 silly cache add   name: 'wire',
54 silly cache add   rawSpec: '0.10.0',
54 silly cache add   spec: '0.10.0',
54 silly cache add   type: 'version' }
55 verbose addNamed wire@0.10.0
56 silly addNamed semver.valid 0.10.0
57 silly addNamed semver.validRange 0.10.0
58 silly mapToRegistry name wire
59 silly mapToRegistry using default registry
60 silly mapToRegistry registry https://registry.npmjs.org/
61 silly mapToRegistry uri https://registry.npmjs.org/wire
62 verbose addNameVersion registry:https://registry.npmjs.org/wire not in flight; fetching
63 verbose request uri https://registry.npmjs.org/yaap
64 verbose request no auth needed
65 info attempt registry request try #1 at 10:51:56
66 verbose request id f81c64746d2950b9
67 http request GET https://registry.npmjs.org/yaap
68 verbose request uri https://registry.npmjs.org/nodeunit
69 verbose request no auth needed
70 info attempt registry request try #1 at 10:51:56
71 verbose etag "8C587UPEV05WNYIWQF0VQN6HP"
72 http request GET https://registry.npmjs.org/nodeunit
73 verbose request uri https://registry.npmjs.org/PanPG
74 verbose request no auth needed
75 info attempt registry request try #1 at 10:51:56
76 verbose etag "7ON9ZREED127RCXQ07DY0BPKH"
77 http request GET https://registry.npmjs.org/PanPG
78 verbose request uri https://registry.npmjs.org/underscore
79 verbose request no auth needed
80 info attempt registry request try #1 at 10:51:56
81 verbose etag "BZ7JZ88IAOYT3FOZGHXWY3R52"
82 http request GET https://registry.npmjs.org/underscore
83 verbose request uri https://registry.npmjs.org/wire
84 verbose request no auth needed
85 info attempt registry request try #1 at 10:51:56
86 verbose etag "1S5M4XCT3A7OO00MY4D9L0CFY"
87 http request GET https://registry.npmjs.org/wire
88 http 304 https://registry.npmjs.org/underscore
89 silly get cb [ 304,
89 silly get   { date: 'Sat, 11 Apr 2015 08:54:29 GMT',
89 silly get     server: 'Apache',
89 silly get     via: '1.1 varnish',
89 silly get     'last-modified': 'Sat, 11 Apr 2015 08:53:51 GMT',
89 silly get     'cache-control': 'max-age=60',
89 silly get     etag: '"BZ7JZ88IAOYT3FOZGHXWY3R52"',
89 silly get     age: '38',
89 silly get     'x-served-by': 'cache-ams4140-AMS',
89 silly get     'x-cache': 'HIT',
89 silly get     'x-cache-hits': '2',
89 silly get     'x-timer': 'S1428742469.284204,VS0,VE0',
89 silly get     vary: 'Accept',
89 silly get     'content-length': '0',
89 silly get     'keep-alive': 'timeout=10, max=50',
89 silly get     connection: 'Keep-Alive' } ]
90 verbose etag https://registry.npmjs.org/underscore from cache
91 verbose get saving underscore to C:\Users\Peter\AppData\Roaming\npm-cache\registry.npmjs.org\underscore\.cache.json
92 silly cache afterAdd underscore@1.4.4
93 verbose afterAdd C:\Users\Peter\AppData\Roaming\npm-cache\underscore\1.4.4\package\package.json not in flight; writing
94 verbose afterAdd C:\Users\Peter\AppData\Roaming\npm-cache\underscore\1.4.4\package\package.json written
95 http 304 https://registry.npmjs.org/nodeunit
96 silly get cb [ 304,
96 silly get   { date: 'Sat, 11 Apr 2015 08:54:29 GMT',
96 silly get     server: 'Apache',
96 silly get     via: '1.1 varnish',
96 silly get     'last-modified': 'Sat, 11 Apr 2015 08:54:29 GMT',
96 silly get     'cache-control': 'max-age=60',
96 silly get     etag: '"8C587UPEV05WNYIWQF0VQN6HP"',
96 silly get     age: '0',
96 silly get     'x-served-by': 'cache-ams4121-AMS',
96 silly get     'x-cache': 'HIT',
96 silly get     'x-cache-hits': '1',
96 silly get     'x-timer': 'S1428742469.271904,VS0,VE335',
96 silly get     vary: 'Accept',
96 silly get     'content-length': '0',
96 silly get     'keep-alive': 'timeout=10, max=50',
96 silly get     connection: 'Keep-Alive' } ]
97 verbose etag https://registry.npmjs.org/nodeunit from cache
98 verbose get saving nodeunit to C:\Users\Peter\AppData\Roaming\npm-cache\registry.npmjs.org\nodeunit\.cache.json
99 http 304 https://registry.npmjs.org/wire
100 silly get cb [ 304,
100 silly get   { date: 'Sat, 11 Apr 2015 08:54:29 GMT',
100 silly get     server: 'Apache',
100 silly get     via: '1.1 varnish',
100 silly get     'last-modified': 'Sat, 11 Apr 2015 08:54:29 GMT',
100 silly get     'cache-control': 'max-age=60',
100 silly get     etag: '"1S5M4XCT3A7OO00MY4D9L0CFY"',
100 silly get     age: '0',
100 silly get     'x-served-by': 'cache-ams4121-AMS',
100 silly get     'x-cache': 'MISS',
100 silly get     'x-cache-hits': '0',
100 silly get     'x-timer': 'S1428742469.274735,VS0,VE334',
100 silly get     vary: 'Accept',
100 silly get     'content-length': '0',
100 silly get     'keep-alive': 'timeout=10, max=50',
100 silly get     connection: 'Keep-Alive' } ]
101 verbose etag https://registry.npmjs.org/wire from cache
102 verbose get saving wire to C:\Users\Peter\AppData\Roaming\npm-cache\registry.npmjs.org\wire\.cache.json
103 silly cache afterAdd nodeunit@0.9.1
104 verbose afterAdd C:\Users\Peter\AppData\Roaming\npm-cache\nodeunit\0.9.1\package\package.json not in flight; writing
105 silly cache afterAdd wire@0.10.0
106 verbose afterAdd C:\Users\Peter\AppData\Roaming\npm-cache\wire\0.10.0\package\package.json not in flight; writing
107 verbose afterAdd C:\Users\Peter\AppData\Roaming\npm-cache\nodeunit\0.9.1\package\package.json written
108 verbose afterAdd C:\Users\Peter\AppData\Roaming\npm-cache\wire\0.10.0\package\package.json written
109 http 304 https://registry.npmjs.org/PanPG
110 silly get cb [ 304,
110 silly get   { date: 'Sat, 11 Apr 2015 08:54:29 GMT',
110 silly get     server: 'Apache',
110 silly get     via: '1.1 varnish',
110 silly get     'last-modified': 'Sat, 11 Apr 2015 08:54:29 GMT',
110 silly get     'cache-control': 'max-age=60',
110 silly get     etag: '"7ON9ZREED127RCXQ07DY0BPKH"',
110 silly get     age: '0',
110 silly get     'x-served-by': 'cache-ams4142-AMS',
110 silly get     'x-cache': 'MISS',
110 silly get     'x-cache-hits': '0',
110 silly get     'x-timer': 'S1428742469.292734,VS0,VE384',
110 silly get     vary: 'Accept',
110 silly get     'content-length': '0',
110 silly get     'keep-alive': 'timeout=10, max=50',
110 silly get     connection: 'Keep-Alive' } ]
111 verbose etag https://registry.npmjs.org/PanPG from cache
112 verbose get saving PanPG to C:\Users\Peter\AppData\Roaming\npm-cache\registry.npmjs.org\PanPG\.cache.json
113 silly cache afterAdd PanPG@0.0.9
114 verbose afterAdd C:\Users\Peter\AppData\Roaming\npm-cache\PanPG\0.0.9\package\package.json not in flight; writing
115 verbose afterAdd C:\Users\Peter\AppData\Roaming\npm-cache\PanPG\0.0.9\package\package.json written
116 http 200 https://registry.npmjs.org/yaap
117 silly get cb [ 200,
117 silly get   { date: 'Sat, 11 Apr 2015 08:54:29 GMT',
117 silly get     server: 'CouchDB/1.5.0 (Erlang OTP/R16B03)',
117 silly get     etag: '"CZTUPDKDQFHI64GR1GDVZWIVD"',
117 silly get     'content-type': 'application/json',
117 silly get     'cache-control': 'max-age=60',
117 silly get     'content-length': '12455',
117 silly get     'accept-ranges': 'bytes',
117 silly get     via: '1.1 varnish',
117 silly get     age: '0',
117 silly get     'x-served-by': 'cache-ams4137-AMS',
117 silly get     'x-cache': 'MISS',
117 silly get     'x-cache-hits': '0',
117 silly get     'x-timer': 'S1428742469.289629,VS0,VE388',
117 silly get     vary: 'Accept',
117 silly get     'keep-alive': 'timeout=10, max=50',
117 silly get     connection: 'Keep-Alive' } ]
118 verbose get saving yaap to C:\Users\Peter\AppData\Roaming\npm-cache\registry.npmjs.org\yaap\.cache.json
119 verbose stack Error: version not found: yaap@0.1.4
119 verbose stack     at setData (D:\Programme\iojs\node_modules\npm\lib\cache\add-named.js:122:12)
119 verbose stack     at RES (D:\Programme\iojs\node_modules\npm\node_modules\inflight\inflight.js:23:14)
119 verbose stack     at f (D:\Programme\iojs\node_modules\npm\node_modules\once\once.js:17:25)
119 verbose stack     at saved (D:\Programme\iojs\node_modules\npm\lib\cache\caching-client.js:173:7)
119 verbose stack     at FSReqWrap.oncomplete (fs.js:77:15)
120 verbose statusCode 404
121 verbose cwd d:\Programmierung\JavaScript\yaap\yaap-wire
122 error Windows_NT 6.1.7601
123 error argv "D:\\Programme\\iojs\\node.exe" "D:\\Programme\\iojs\\node_modules\\npm\\bin\\npm-cli.js" "install"
124 error node v1.6.4
125 error npm  v2.7.5
126 error version not found: yaap@0.1.4
127 error If you need help, you may report this error at:
127 error     <https://github.com/npm/npm/issues>
128 verbose exit [ 1, true ]
